Arguments: 
  /Users/wuxiao/.nvm/versions/node/v16.13.0/bin/node /Users/wuxiao/.nvm/versions/node/v16.13.0/bin/yarn add babel-plugin-transform-es2015-arrow-function

PATH: 
  /Users/wuxiao/.nvm/versions/node/v16.13.0/bin:/opt/homebrew/opt/openjdk/bin:/Users/wuxiao/.nvm/versions/node/v16.13.0/bin:/Users/wuxiao/bin:/opt/homebrew/bin:/User/wuxiao/bin:/usr/local/bin:/opt/homebrew/bin:/opt/homebrew/sbin:/usr/local/bin:/usr/bin:/bin:/usr/sbin:/sbin:/Library/Apple/usr/bin:/opt/homebrew/opt/openjdk/bin:/Users/wuxiao/.nvm/versions/node/v16.13.0/bin:/Users/wuxiao/bin:/opt/homebrew/bin:/User/wuxiao/bin:/opt/homebrew/sbin

Yarn version: 
  1.22.17

Node version: 
  16.13.0

Platform: 
  darwin arm64

Trace: 
  Error: https://registry.npm.taobao.org/babel-plugin-transform-es2015-arrow-function: [NOT_FOUND] babel-plugin-transform-es2015-arrow-function not found
      at Request.params.callback [as _callback] (/Users/wuxiao/.nvm/versions/node/v16.13.0/lib/node_modules/yarn/lib/cli.js:67029:18)
      at Request.self.callback (/Users/wuxiao/.nvm/versions/node/v16.13.0/lib/node_modules/yarn/lib/cli.js:140883:22)
      at Request.emit (node:events:390:28)
      at Request.<anonymous> (/Users/wuxiao/.nvm/versions/node/v16.13.0/lib/node_modules/yarn/lib/cli.js:141855:10)
      at Request.emit (node:events:390:28)
      at Gunzip.<anonymous> (/Users/wuxiao/.nvm/versions/node/v16.13.0/lib/node_modules/yarn/lib/cli.js:141777:12)
      at Object.onceWrapper (node:events:509:28)
      at Gunzip.emit (node:events:390:28)
      at endReadableNT (node:internal/streams/readable:1343:12)
      at processTicksAndRejections (node:internal/process/task_queues:83:21)

npm manifest: 
  {
    "name": "zf-webpack202111-ast",
    "version": "1.0.0",
    "main": "index.js",
    "devDependencies": {},
    "scripts": {
      "test": "echo \"Error: no test specified\" && exit 1"
    },
    "repository": {
      "type": "git",
      "url": "git+https://github.com/weisuoke/zf-webpack202111-ast.git"
    },
    "keywords": [],
    "author": "",
    "license": "ISC",
    "bugs": {
      "url": "https://github.com/weisuoke/zf-webpack202111-ast/issues"
    },
    "dependencies": {
      "@babel/code-frame": "^7.16.7",
      "@babel/core": "^7.17.4",
      "@babel/parser": "^7.17.3",
      "@babel/template": "^7.16.7",
      "@babel/traverse": "^7.17.3",
      "@babel/types": "^7.17.0",
      "babylon": "^6.18.0",
      "escodegen": "^2.0.0",
      "esprima": "^4.0.1",
      "estraverse": "^5.3.0"
    },
    "homepage": "https://github.com/weisuoke/zf-webpack202111-ast#readme",
    "description": ""
  }

yarn manifest: 
  No manifest

Lockfile: 
  # THIS IS AN AUTOGENERATED FILE. DO NOT EDIT THIS FILE DIRECTLY.
  # yarn lockfile v1
  
  
  "@ampproject/remapping@^2.1.0":
    version "2.1.2"
    resolved "https://registry.npmmirror.com/@ampproject/remapping/-/remapping-2.1.2.tgz#4edca94973ded9630d20101cd8559cedb8d8bd34"
    integrity sha512-hoyByceqwKirw7w3Z7gnIIZC3Wx3J484Y3L/cMpXFbr7d9ZQj2mODrirNzcJa+SM3UlpWXYvKV4RlRpFXlWgXg==
    dependencies:
      "@jridgewell/trace-mapping" "^0.3.0"
  
  "@babel/code-frame@^7.16.7":
    version "7.16.7"
    resolved "https://registry.npmmirror.com/@babel/code-frame/-/code-frame-7.16.7.tgz#44416b6bd7624b998f5b1af5d470856c40138789"
    integrity sha512-iAXqUn8IIeBTNd72xsFlgaXHkMBMt6y4HJp1tIaK465CWLT/fG1aqB7ykr95gHHmlBdGbFeWWfyB4NJJ0nmeIg==
    dependencies:
      "@babel/highlight" "^7.16.7"
  
  "@babel/compat-data@^7.16.4":
    version "7.17.0"
    resolved "https://registry.npmmirror.com/@babel/compat-data/-/compat-data-7.17.0.tgz#86850b8597ea6962089770952075dcaabb8dba34"
    integrity sha512-392byTlpGWXMv4FbyWw3sAZ/FrW/DrwqLGXpy0mbyNe9Taqv1mg9yON5/o0cnr8XYCkFTZbC1eV+c+LAROgrng==
  
  "@babel/core@^7.17.4":
    version "7.17.4"
    resolved "https://registry.npmmirror.com/@babel/core/-/core-7.17.4.tgz#a22f1ae8999122873b3d18865e98c7a3936b8c8b"
    integrity sha512-R9x5r4t4+hBqZTmioSnkrW+I6NmbojwjGT8p4G2Gw1thWbXIHGDnmGdLdFw0/7ljucdIrNRp7Npgb4CyBYzzJg==
    dependencies:
      "@ampproject/remapping" "^2.1.0"
      "@babel/code-frame" "^7.16.7"
      "@babel/generator" "^7.17.3"
      "@babel/helper-compilation-targets" "^7.16.7"
      "@babel/helper-module-transforms" "^7.16.7"
      "@babel/helpers" "^7.17.2"
      "@babel/parser" "^7.17.3"
      "@babel/template" "^7.16.7"
      "@babel/traverse" "^7.17.3"
      "@babel/types" "^7.17.0"
      convert-source-map "^1.7.0"
      debug "^4.1.0"
      gensync "^1.0.0-beta.2"
      json5 "^2.1.2"
      semver "^6.3.0"
  
  "@babel/generator@^7.17.3":
    version "7.17.3"
    resolved "https://registry.npmmirror.com/@babel/generator/-/generator-7.17.3.tgz#a2c30b0c4f89858cb87050c3ffdfd36bdf443200"
    integrity sha512-+R6Dctil/MgUsZsZAkYgK+ADNSZzJRRy0TvY65T71z/CR854xHQ1EweBYXdfT+HNeN7w0cSJJEzgxZMv40pxsg==
    dependencies:
      "@babel/types" "^7.17.0"
      jsesc "^2.5.1"
      source-map "^0.5.0"
  
  "@babel/helper-compilation-targets@^7.16.7":
    version "7.16.7"
    resolved "https://registry.npmmirror.com/@babel/helper-compilation-targets/-/helper-compilation-targets-7.16.7.tgz#06e66c5f299601e6c7da350049315e83209d551b"
    integrity sha512-mGojBwIWcwGD6rfqgRXVlVYmPAv7eOpIemUG3dGnDdCY4Pae70ROij3XmfrH6Fa1h1aiDylpglbZyktfzyo/hA==
    dependencies:
      "@babel/compat-data" "^7.16.4"
      "@babel/helper-validator-option" "^7.16.7"
      browserslist "^4.17.5"
      semver "^6.3.0"
  
  "@babel/helper-environment-visitor@^7.16.7":
    version "7.16.7"
    resolved "https://registry.npmmirror.com/@babel/helper-environment-visitor/-/helper-environment-visitor-7.16.7.tgz#ff484094a839bde9d89cd63cba017d7aae80ecd7"
    integrity sha512-SLLb0AAn6PkUeAfKJCCOl9e1R53pQlGAfc4y4XuMRZfqeMYLE0dM1LMhqbGAlGQY0lfw5/ohoYWAe9V1yibRag==
    dependencies:
      "@babel/types" "^7.16.7"
  
  "@babel/helper-function-name@^7.16.7":
    version "7.16.7"
    resolved "https://registry.npmmirror.com/@babel/helper-function-name/-/helper-function-name-7.16.7.tgz#f1ec51551fb1c8956bc8dd95f38523b6cf375f8f"
    integrity sha512-QfDfEnIUyyBSR3HtrtGECuZ6DAyCkYFp7GHl75vFtTnn6pjKeK0T1DB5lLkFvBea8MdaiUABx3osbgLyInoejA==
    dependencies:
      "@babel/helper-get-function-arity" "^7.16.7"
      "@babel/template" "^7.16.7"
      "@babel/types" "^7.16.7"
  
  "@babel/helper-get-function-arity@^7.16.7":
    version "7.16.7"
    resolved "https://registry.npmmirror.com/@babel/helper-get-function-arity/-/helper-get-function-arity-7.16.7.tgz#ea08ac753117a669f1508ba06ebcc49156387419"
    integrity sha512-flc+RLSOBXzNzVhcLu6ujeHUrD6tANAOU5ojrRx/as+tbzf8+stUCj7+IfRRoAbEZqj/ahXEMsjhOhgeZsrnTw==
    dependencies:
      "@babel/types" "^7.16.7"
  
  "@babel/helper-hoist-variables@^7.16.7":
    version "7.16.7"
    resolved "https://registry.npmmirror.com/@babel/helper-hoist-variables/-/helper-hoist-variables-7.16.7.tgz#86bcb19a77a509c7b77d0e22323ef588fa58c246"
    integrity sha512-m04d/0Op34H5v7pbZw6pSKP7weA6lsMvfiIAMeIvkY/R4xQtBSMFEigu9QTZ2qB/9l22vsxtM8a+Q8CzD255fg==
    dependencies:
      "@babel/types" "^7.16.7"
  
  "@babel/helper-module-imports@^7.16.7":
    version "7.16.7"
    resolved "https://registry.npmmirror.com/@babel/helper-module-imports/-/helper-module-imports-7.16.7.tgz#25612a8091a999704461c8a222d0efec5d091437"
    integrity sha512-LVtS6TqjJHFc+nYeITRo6VLXve70xmq7wPhWTqDJusJEgGmkAACWwMiTNrvfoQo6hEhFwAIixNkvB0jPXDL8Wg==
    dependencies:
      "@babel/types" "^7.16.7"
  
  "@babel/helper-module-transforms@^7.16.7":
    version "7.16.7"
    resolved "https://registry.npmmirror.com/@babel/helper-module-transforms/-/helper-module-transforms-7.16.7.tgz#7665faeb721a01ca5327ddc6bba15a5cb34b6a41"
    integrity sha512-gaqtLDxJEFCeQbYp9aLAefjhkKdjKcdh6DB7jniIGU3Pz52WAmP268zK0VgPz9hUNkMSYeH976K2/Y6yPadpng==
    dependencies:
      "@babel/helper-environment-visitor" "^7.16.7"
      "@babel/helper-module-imports" "^7.16.7"
      "@babel/helper-simple-access" "^7.16.7"
      "@babel/helper-split-export-declaration" "^7.16.7"
      "@babel/helper-validator-identifier" "^7.16.7"
      "@babel/template" "^7.16.7"
      "@babel/traverse" "^7.16.7"
      "@babel/types" "^7.16.7"
  
  "@babel/helper-simple-access@^7.16.7":
    version "7.16.7"
    resolved "https://registry.npmmirror.com/@babel/helper-simple-access/-/helper-simple-access-7.16.7.tgz#d656654b9ea08dbb9659b69d61063ccd343ff0f7"
    integrity sha512-ZIzHVyoeLMvXMN/vok/a4LWRy8G2v205mNP0XOuf9XRLyX5/u9CnVulUtDgUTama3lT+bf/UqucuZjqiGuTS1g==
    dependencies:
      "@babel/types" "^7.16.7"
  
  "@babel/helper-split-export-declaration@^7.16.7":
    version "7.16.7"
    resolved "https://registry.npmmirror.com/@babel/helper-split-export-declaration/-/helper-split-export-declaration-7.16.7.tgz#0b648c0c42da9d3920d85ad585f2778620b8726b"
    integrity sha512-xbWoy/PFoxSWazIToT9Sif+jJTlrMcndIsaOKvTA6u7QEo7ilkRZpjew18/W3c7nm8fXdUDXh02VXTbZ0pGDNw==
    dependencies:
      "@babel/types" "^7.16.7"
  
  "@babel/helper-validator-identifier@^7.16.7":
    version "7.16.7"
    resolved "https://registry.npmmirror.com/@babel/helper-validator-identifier/-/helper-validator-identifier-7.16.7.tgz#e8c602438c4a8195751243da9031d1607d247cad"
    integrity sha512-hsEnFemeiW4D08A5gUAZxLBTXpZ39P+a+DGDsHw1yxqyQ/jzFEnxf5uTEGp+3bzAbNOxU1paTgYS4ECU/IgfDw==
  
  "@babel/helper-validator-option@^7.16.7":
    version "7.16.7"
    resolved "https://registry.npmmirror.com/@babel/helper-validator-option/-/helper-validator-option-7.16.7.tgz#b203ce62ce5fe153899b617c08957de860de4d23"
    integrity sha512-TRtenOuRUVo9oIQGPC5G9DgK4743cdxvtOw0weQNpZXaS16SCBi5MNjZF8vba3ETURjZpTbVn7Vvcf2eAwFozQ==
  
  "@babel/helpers@^7.17.2":
    version "7.17.2"
    resolved "https://registry.npmmirror.com/@babel/helpers/-/helpers-7.17.2.tgz#23f0a0746c8e287773ccd27c14be428891f63417"
    integrity sha512-0Qu7RLR1dILozr/6M0xgj+DFPmi6Bnulgm9M8BVa9ZCWxDqlSnqt3cf8IDPB5m45sVXUZ0kuQAgUrdSFFH79fQ==
    dependencies:
      "@babel/template" "^7.16.7"
      "@babel/traverse" "^7.17.0"
      "@babel/types" "^7.17.0"
  
  "@babel/highlight@^7.16.7":
    version "7.16.10"
    resolved "https://registry.npmmirror.com/@babel/highlight/-/highlight-7.16.10.tgz#744f2eb81579d6eea753c227b0f570ad785aba88"
    integrity sha512-5FnTQLSLswEj6IkgVw5KusNUUFY9ZGqe/TRFnP/BKYHYgfh7tc+C7mwiy95/yNP7Dh9x580Vv8r7u7ZfTBFxdw==
    dependencies:
      "@babel/helper-validator-identifier" "^7.16.7"
      chalk "^2.0.0"
      js-tokens "^4.0.0"
  
  "@babel/parser@^7.16.7", "@babel/parser@^7.17.3":
    version "7.17.3"
    resolved "https://registry.npmmirror.com/@babel/parser/-/parser-7.17.3.tgz#b07702b982990bf6fdc1da5049a23fece4c5c3d0"
    integrity sha512-7yJPvPV+ESz2IUTPbOL+YkIGyCqOyNIzdguKQuJGnH7bg1WTIifuM21YqokFt/THWh1AkCRn9IgoykTRCBVpzA==
  
  "@babel/template@^7.16.7":
    version "7.16.7"
    resolved "https://registry.npmmirror.com/@babel/template/-/template-7.16.7.tgz#8d126c8701fde4d66b264b3eba3d96f07666d155"
    integrity sha512-I8j/x8kHUrbYRTUxXrrMbfCa7jxkE7tZre39x3kjr9hvI82cK1FfqLygotcWN5kdPGWcLdWMHpSBavse5tWw3w==
    dependencies:
      "@babel/code-frame" "^7.16.7"
      "@babel/parser" "^7.16.7"
      "@babel/types" "^7.16.7"
  
  "@babel/traverse@^7.16.7", "@babel/traverse@^7.17.0", "@babel/traverse@^7.17.3":
    version "7.17.3"
    resolved "https://registry.npmmirror.com/@babel/traverse/-/traverse-7.17.3.tgz#0ae0f15b27d9a92ba1f2263358ea7c4e7db47b57"
    integrity sha512-5irClVky7TxRWIRtxlh2WPUUOLhcPN06AGgaQSB8AEwuyEBgJVuJ5imdHm5zxk8w0QS5T+tDfnDxAlhWjpb7cw==
    dependencies:
      "@babel/code-frame" "^7.16.7"
      "@babel/generator" "^7.17.3"
      "@babel/helper-environment-visitor" "^7.16.7"
      "@babel/helper-function-name" "^7.16.7"
      "@babel/helper-hoist-variables" "^7.16.7"
      "@babel/helper-split-export-declaration" "^7.16.7"
      "@babel/parser" "^7.17.3"
      "@babel/types" "^7.17.0"
      debug "^4.1.0"
      globals "^11.1.0"
  
  "@babel/types@^7.16.7", "@babel/types@^7.17.0":
    version "7.17.0"
    resolved "https://registry.npmmirror.com/@babel/types/-/types-7.17.0.tgz#a826e368bccb6b3d84acd76acad5c0d87342390b"
    integrity sha512-TmKSNO4D5rzhL5bjWFcVHHLETzfQ/AmbKpKPOSjlP0WoHZ6L911fgoOKY4Alp/emzG4cHJdyN49zpgkbXFEHHw==
    dependencies:
      "@babel/helper-validator-identifier" "^7.16.7"
      to-fast-properties "^2.0.0"
  
  "@jridgewell/resolve-uri@^3.0.3":
    version "3.0.5"
    resolved "https://registry.npmmirror.com/@jridgewell/resolve-uri/-/resolve-uri-3.0.5.tgz#68eb521368db76d040a6315cdb24bf2483037b9c"
    integrity sha512-VPeQ7+wH0itvQxnG+lIzWgkysKIr3L9sslimFW55rHMdGu/qCQ5z5h9zq4gI8uBtqkpHhsF4Z/OwExufUCThew==
  
  "@jridgewell/sourcemap-codec@^1.4.10":
    version "1.4.11"
    resolved "https://registry.npmmirror.com/@jridgewell/sourcemap-codec/-/sourcemap-codec-1.4.11.tgz#771a1d8d744eeb71b6adb35808e1a6c7b9b8c8ec"
    integrity sha512-Fg32GrJo61m+VqYSdRSjRXMjQ06j8YIYfcTqndLYVAaHmroZHLJZCydsWBOTDqXS2v+mjxohBWEMfg97GXmYQg==
  
  "@jridgewell/trace-mapping@^0.3.0":
    version "0.3.4"
    resolved "https://registry.npmmirror.com/@jridgewell/trace-mapping/-/trace-mapping-0.3.4.tgz#f6a0832dffd5b8a6aaa633b7d9f8e8e94c83a0c3"
    integrity sha512-vFv9ttIedivx0ux3QSjhgtCVjPZd5l46ZOMDSCwnH1yUO2e964gO8LZGyv2QkqcgR6TnBU1v+1IFqmeoG+0UJQ==
    dependencies:
      "@jridgewell/resolve-uri" "^3.0.3"
      "@jridgewell/sourcemap-codec" "^1.4.10"
  
  ansi-styles@^3.2.1:
    version "3.2.1"
    resolved "https://registry.npmmirror.com/ansi-styles/-/ansi-styles-3.2.1.tgz#41fbb20243e50b12be0f04b8dedbf07520ce841d"
    integrity sha512-VT0ZI6kZRdTh8YyJw3SMbYm/u+NqfsAxEpWO0Pf9sq8/e94WxxOpPKx9FR1FlyCtOVDNOQ+8ntlqFxiRc+r5qA==
    dependencies:
      color-convert "^1.9.0"
  
  babylon@^6.18.0:
    version "6.18.0"
    resolved "https://registry.npmmirror.com/babylon/-/babylon-6.18.0.tgz#af2f3b88fa6f5c1e4c634d1a0f8eac4f55b395e3"
    integrity sha512-q/UEjfGJ2Cm3oKV71DJz9d25TPnq5rhBVL2Q4fA5wcC3jcrdn7+SssEybFIxwAvvP+YCsCYNKughoF33GxgycQ==
  
  browserslist@^4.17.5:
    version "4.19.1"
    resolved "https://registry.npmmirror.com/browserslist/-/browserslist-4.19.1.tgz#4ac0435b35ab655896c31d53018b6dd5e9e4c9a3"
    integrity sha512-u2tbbG5PdKRTUoctO3NBD8FQ5HdPh1ZXPHzp1rwaa5jTc+RV9/+RlWiAIKmjRPQF+xbGM9Kklj5bZQFa2s/38A==
    dependencies:
      caniuse-lite "^1.0.30001286"
      electron-to-chromium "^1.4.17"
      escalade "^3.1.1"
      node-releases "^2.0.1"
      picocolors "^1.0.0"
  
  caniuse-lite@^1.0.30001286:
    version "1.0.30001312"
    resolved "https://registry.npmmirror.com/caniuse-lite/-/caniuse-lite-1.0.30001312.tgz#e11eba4b87e24d22697dae05455d5aea28550d5f"
    integrity sha512-Wiz1Psk2MEK0pX3rUzWaunLTZzqS2JYZFzNKqAiJGiuxIjRPLgV6+VDPOg6lQOUxmDwhTlh198JsTTi8Hzw6aQ==
  
  chalk@^2.0.0:
    version "2.4.2"
    resolved "https://registry.npmmirror.com/chalk/-/chalk-2.4.2.tgz#cd42541677a54333cf541a49108c1432b44c9424"
    integrity sha512-Mti+f9lpJNcwF4tWV8/OrTTtF1gZi+f8FqlyAdouralcFWFQWF2+NgCHShjkCb+IFBLq9buZwE1xckQU4peSuQ==
    dependencies:
      ansi-styles "^3.2.1"
      escape-string-regexp "^1.0.5"
      supports-color "^5.3.0"
  
  color-convert@^1.9.0:
    version "1.9.3"
    resolved "https://registry.npmmirror.com/color-convert/-/color-convert-1.9.3.tgz#bb71850690e1f136567de629d2d5471deda4c1e8"
    integrity sha512-QfAUtd+vFdAtFQcC8CCyYt1fYWxSqAiK2cSD6zDB8N3cpsEBAvRxp9zOGg6G/SHHJYAT88/az/IuDGALsNVbGg==
    dependencies:
      color-name "1.1.3"
  
  color-name@1.1.3:
    version "1.1.3"
    resolved "https://registry.npmmirror.com/color-name/-/color-name-1.1.3.tgz#a7d0558bd89c42f795dd42328f740831ca53bc25"
    integrity sha512-72fSenhMw2HZMTVHeCA9KCmpEIbzWiQsjN+BHcBbS9vr1mtt+vJjPdksIBNUmKAW8TFUDPJK5SUU3QhE9NEXDw==
  
  convert-source-map@^1.7.0:
    version "1.8.0"
    resolved "https://registry.npmmirror.com/convert-source-map/-/convert-source-map-1.8.0.tgz#f3373c32d21b4d780dd8004514684fb791ca4369"
    integrity sha512-+OQdjP49zViI/6i7nIJpA8rAl4sV/JdPfU9nZs3VqOwGIgizICvuN2ru6fMd+4llL0tar18UYJXfZ/TWtmhUjA==
    dependencies:
      safe-buffer "~5.1.1"
  
  debug@^4.1.0:
    version "4.3.3"
    resolved "https://registry.npmmirror.com/debug/-/debug-4.3.3.tgz#04266e0b70a98d4462e6e288e38259213332b664"
    integrity sha512-/zxw5+vh1Tfv+4Qn7a5nsbcJKPaSvCDhojn6FEl9vupwK2VCSDtEiEtqr8DFtzYFOdz63LBkxec7DYuc2jon6Q==
    dependencies:
      ms "2.1.2"
  
  deep-is@~0.1.3:
    version "0.1.4"
    resolved "https://registry.npmmirror.com/deep-is/-/deep-is-0.1.4.tgz#a6f2dce612fadd2ef1f519b73551f17e85199831"
    integrity sha512-oIPzksmTg4/MriiaYGO+okXDT7ztn/w3Eptv/+gSIdMdKsJo0u4CfYNFJPy+4SKMuCqGw2wxnA+URMg3t8a/bQ==
  
  electron-to-chromium@^1.4.17:
    version "1.4.71"
    resolved "https://registry.npmmirror.com/electron-to-chromium/-/electron-to-chromium-1.4.71.tgz#17056914465da0890ce00351a3b946fd4cd51ff6"
    integrity sha512-Hk61vXXKRb2cd3znPE9F+2pLWdIOmP7GjiTj45y6L3W/lO+hSnUSUhq+6lEaERWBdZOHbk2s3YV5c9xVl3boVw==
  
  escalade@^3.1.1:
    version "3.1.1"
    resolved "https://registry.npmmirror.com/escalade/-/escalade-3.1.1.tgz#d8cfdc7000965c5a0174b4a82eaa5c0552742e40"
    integrity sha512-k0er2gUkLf8O0zKJiAhmkTnJlTvINGv7ygDNPbeIsX/TJjGJZHuh9B2UxbsaEkmlEo9MfhrSzmhIlhRlI2GXnw==
  
  escape-string-regexp@^1.0.5:
    version "1.0.5"
    resolved "https://registry.npmmirror.com/escape-string-regexp/-/escape-string-regexp-1.0.5.tgz#1b61c0562190a8dff6ae3bb2cf0200ca130b86d4"
    integrity sha512-vbRorB5FUQWvla16U8R/qgaFIya2qGzwDrNmCZuYKrbdSUMG6I1ZCGQRefkRVhuOkIGVne7BQ35DSfo1qvJqFg==
  
  escodegen@^2.0.0:
    version "2.0.0"
    resolved "https://registry.npmmirror.com/escodegen/-/escodegen-2.0.0.tgz#5e32b12833e8aa8fa35e1bf0befa89380484c7dd"
    integrity sha512-mmHKys/C8BFUGI+MAWNcSYoORYLMdPzjrknd2Vc+bUsjN5bXcr8EhrNB+UTqfL1y3I9c4fw2ihgtMPQLBRiQxw==
    dependencies:
      esprima "^4.0.1"
      estraverse "^5.2.0"
      esutils "^2.0.2"
      optionator "^0.8.1"
    optionalDependencies:
      source-map "~0.6.1"
  
  esprima@^4.0.1:
    version "4.0.1"
    resolved "https://registry.npmmirror.com/esprima/-/esprima-4.0.1.tgz#13b04cdb3e6c5d19df91ab6987a8695619b0aa71"
    integrity sha512-eGuFFw7Upda+g4p+QHvnW0RyTX/SVeJBDM/gCtMARO0cLuT2HcEKnTPvhjV6aGeqrCB/sbNop0Kszm0jsaWU4A==
  
  estraverse@^5.2.0, estraverse@^5.3.0:
    version "5.3.0"
    resolved "https://registry.npmmirror.com/estraverse/-/estraverse-5.3.0.tgz#2eea5290702f26ab8fe5370370ff86c965d21123"
    integrity sha512-MMdARuVEQziNTeJD8DgMqmhwR11BRQ/cBP+pLtYdSTnf3MIO8fFeiINEbX36ZdNlfU/7A9f3gUw49B3oQsvwBA==
  
  esutils@^2.0.2:
    version "2.0.3"
    resolved "https://registry.npmmirror.com/esutils/-/esutils-2.0.3.tgz#74d2eb4de0b8da1293711910d50775b9b710ef64"
    integrity sha512-kVscqXk4OCp68SZ0dkgEKVi6/8ij300KBWTJq32P/dYeWTSwK41WyTxalN1eRmA5Z9UU/LX9D7FWSmV9SAYx6g==
  
  fast-levenshtein@~2.0.6:
    version "2.0.6"
    resolved "https://registry.npmmirror.com/fast-levenshtein/-/fast-levenshtein-2.0.6.tgz#3d8a5c66883a16a30ca8643e851f19baa7797917"
    integrity sha512-DCXu6Ifhqcks7TZKY3Hxp3y6qphY5SJZmrWMDrKcERSOXWQdMhU9Ig/PYrzyw/ul9jOIyh0N4M0tbC5hodg8dw==
  
  gensync@^1.0.0-beta.2:
    version "1.0.0-beta.2"
    resolved "https://registry.npmmirror.com/gensync/-/gensync-1.0.0-beta.2.tgz#32a6ee76c3d7f52d46b2b1ae5d93fea8580a25e0"
    integrity sha512-3hN7NaskYvMDLQY55gnW3NQ+mesEAepTqlg+VEbj7zzqEMBVNhzcGYYeqFo/TlYz6eQiFcp1HcsCZO+nGgS8zg==
  
  globals@^11.1.0:
    version "11.12.0"
    resolved "https://registry.npmmirror.com/globals/-/globals-11.12.0.tgz#ab8795338868a0babd8525758018c2a7eb95c42e"
    integrity sha512-WOBp/EEGUiIsJSp7wcv/y6MO+lV9UoncWqxuFfm8eBwzWNgyfBd6Gz+IeKQ9jCmyhoH99g15M3T+QaVHFjizVA==
  
  has-flag@^3.0.0:
    version "3.0.0"
    resolved "https://registry.npmmirror.com/has-flag/-/has-flag-3.0.0.tgz#b5d454dc2199ae225699f3467e5a07f3b955bafd"
    integrity sha512-sKJf1+ceQBr4SMkvQnBDNDtf4TXpVhVGateu0t918bl30FnbE2m4vNLX+VWe/dpjlb+HugGYzW7uQXH98HPEYw==
  
  js-tokens@^4.0.0:
    version "4.0.0"
    resolved "https://registry.npmmirror.com/js-tokens/-/js-tokens-4.0.0.tgz#19203fb59991df98e3a287050d4647cdeaf32499"
    integrity sha512-RdJUflcE3cUzKiMqQgsCu06FPu9UdIJO0beYbPhHN4k6apgJtifcoCtT9bcxOpYBtpD2kCM6Sbzg4CausW/PKQ==
  
  jsesc@^2.5.1:
    version "2.5.2"
    resolved "https://registry.npmmirror.com/jsesc/-/jsesc-2.5.2.tgz#80564d2e483dacf6e8ef209650a67df3f0c283a4"
    integrity sha512-OYu7XEzjkCQ3C5Ps3QIZsQfNpqoJyZZA99wd9aWd05NCtC5pWOkShK2mkL6HXQR6/Cy2lbNdPlZBpuQHXE63gA==
  
  json5@^2.1.2:
    version "2.2.0"
    resolved "https://registry.npmmirror.com/json5/-/json5-2.2.0.tgz#2dfefe720c6ba525d9ebd909950f0515316c89a3"
    integrity sha512-f+8cldu7X/y7RAJurMEJmdoKXGB/X550w2Nr3tTbezL6RwEE/iMcm+tZnXeoZtKuOq6ft8+CqzEkrIgx1fPoQA==
    dependencies:
      minimist "^1.2.5"
  
  levn@~0.3.0:
    version "0.3.0"
    resolved "https://registry.npmmirror.com/levn/-/levn-0.3.0.tgz#3b09924edf9f083c0490fdd4c0bc4421e04764ee"
    integrity sha512-0OO4y2iOHix2W6ujICbKIaEQXvFQHue65vUG3pb5EUomzPI90z9hsA1VsO/dbIIpC53J8gxM9Q4Oho0jrCM/yA==
    dependencies:
      prelude-ls "~1.1.2"
      type-check "~0.3.2"
  
  minimist@^1.2.5:
    version "1.2.5"
    resolved "https://registry.npmmirror.com/minimist/-/minimist-1.2.5.tgz#67d66014b66a6a8aaa0c083c5fd58df4e4e97602"
    integrity sha512-FM9nNUYrRBAELZQT3xeZQ7fmMOBg6nWNmJKTcgsJeaLstP/UODVpGsr5OhXhhXg6f+qtJ8uiZ+PUxkDWcgIXLw==
  
  ms@2.1.2:
    version "2.1.2"
    resolved "https://registry.npmmirror.com/ms/-/ms-2.1.2.tgz#d09d1f357b443f493382a8eb3ccd183872ae6009"
    integrity sha512-sGkPx+VjMtmA6MX27oA4FBFELFCZZ4S4XqeGOXCv68tT+jb3vk/RyaKWP0PTKyWtmLSM0b+adUTEvbs1PEaH2w==
  
  node-releases@^2.0.1:
    version "2.0.2"
    resolved "https://registry.npmmirror.com/node-releases/-/node-releases-2.0.2.tgz#7139fe71e2f4f11b47d4d2986aaf8c48699e0c01"
    integrity sha512-XxYDdcQ6eKqp/YjI+tb2C5WM2LgjnZrfYg4vgQt49EK268b6gYCHsBLrK2qvJo4FmCtqmKezb0WZFK4fkrZNsg==
  
  optionator@^0.8.1:
    version "0.8.3"
    resolved "https://registry.npmmirror.com/optionator/-/optionator-0.8.3.tgz#84fa1d036fe9d3c7e21d99884b601167ec8fb495"
    integrity sha512-+IW9pACdk3XWmmTXG8m3upGUJst5XRGzxMRjXzAuJ1XnIFNvfhjjIuYkDvysnPQ7qzqVzLt78BCruntqRhWQbA==
    dependencies:
      deep-is "~0.1.3"
      fast-levenshtein "~2.0.6"
      levn "~0.3.0"
      prelude-ls "~1.1.2"
      type-check "~0.3.2"
      word-wrap "~1.2.3"
  
  picocolors@^1.0.0:
    version "1.0.0"
    resolved "https://registry.npmmirror.com/picocolors/-/picocolors-1.0.0.tgz#cb5bdc74ff3f51892236eaf79d68bc44564ab81c"
    integrity sha512-1fygroTLlHu66zi26VoTDv8yRgm0Fccecssto+MhsZ0D/DGW2sm8E8AjW7NU5VVTRt5GxbeZ5qBuJr+HyLYkjQ==
  
  prelude-ls@~1.1.2:
    version "1.1.2"
    resolved "https://registry.npmmirror.com/prelude-ls/-/prelude-ls-1.1.2.tgz#21932a549f5e52ffd9a827f570e04be62a97da54"
    integrity sha512-ESF23V4SKG6lVSGZgYNpbsiaAkdab6ZgOxe52p7+Kid3W3u3bxR4Vfd/o21dmN7jSt0IwgZ4v5MUd26FEtXE9w==
  
  safe-buffer@~5.1.1:
    version "5.1.2"
    resolved "https://registry.npmmirror.com/safe-buffer/-/safe-buffer-5.1.2.tgz#991ec69d296e0313747d59bdfd2b745c35f8828d"
    integrity sha512-Gd2UZBJDkXlY7GbJxfsE8/nvKkUEU1G38c1siN6QP6a9PT9MmHB8GnpscSmMJSoF8LOIrt8ud/wPtojys4G6+g==
  
  semver@^6.3.0:
    version "6.3.0"
    resolved "https://registry.npmmirror.com/semver/-/semver-6.3.0.tgz#ee0a64c8af5e8ceea67687b133761e1becbd1d3d"
    integrity sha512-b39TBaTSfV6yBrapU89p5fKekE2m/NwnDocOVruQFS1/veMgdzuPcnOM34M6CwxW8jH/lxEa5rBoDeUwu5HHTw==
  
  source-map@^0.5.0:
    version "0.5.7"
    resolved "https://registry.npmmirror.com/source-map/-/source-map-0.5.7.tgz#8a039d2d1021d22d1ea14c80d8ea468ba2ef3fcc"
    integrity sha512-LbrmJOMUSdEVxIKvdcJzQC+nQhe8FUZQTXQy6+I75skNgn3OoQ0DZA8YnFa7gp8tqtL3KPf1kmo0R5DoApeSGQ==
  
  source-map@~0.6.1:
    version "0.6.1"
    resolved "https://registry.npmmirror.com/source-map/-/source-map-0.6.1.tgz#74722af32e9614e9c287a8d0bbde48b5e2f1a263"
    integrity sha512-UjgapumWlbMhkBgzT7Ykc5YXUT46F0iKu8SGXq0bcwP5dz/h0Plj6enJqjz1Zbq2l5WaqYnrVbwWOWMyF3F47g==
  
  supports-color@^5.3.0:
    version "5.5.0"
    resolved "https://registry.npmmirror.com/supports-color/-/supports-color-5.5.0.tgz#e2e69a44ac8772f78a1ec0b35b689df6530efc8f"
    integrity sha512-QjVjwdXIt408MIiAqCX4oUKsgU2EqAGzs2Ppkm4aQYbjm+ZEWEcW4SfFNTr4uMNZma0ey4f5lgLrkB0aX0QMow==
    dependencies:
      has-flag "^3.0.0"
  
  to-fast-properties@^2.0.0:
    version "2.0.0"
    resolved "https://registry.npmmirror.com/to-fast-properties/-/to-fast-properties-2.0.0.tgz#dc5e698cbd079265bc73e0377681a4e4e83f616e"
    integrity sha512-/OaKK0xYrs3DmxRYqL/yDc+FxFUVYhDlXMhRmv3z915w2HF1tnN1omB354j8VUGO/hbRzyD6Y3sA7v7GS/ceog==
  
  type-check@~0.3.2:
    version "0.3.2"
    resolved "https://registry.npmmirror.com/type-check/-/type-check-0.3.2.tgz#5884cab512cf1d355e3fb784f30804b2b520db72"
    integrity sha512-ZCmOJdvOWDBYJlzAoFkC+Q0+bUyEOS1ltgp1MGU03fqHG+dbi9tBFU2Rd9QKiDZFAYrhPh2JUf7rZRIuHRKtOg==
    dependencies:
      prelude-ls "~1.1.2"
  
  word-wrap@~1.2.3:
    version "1.2.3"
    resolved "https://registry.npmmirror.com/word-wrap/-/word-wrap-1.2.3.tgz#610636f6b1f703891bd34771ccb17fb93b47079c"
    integrity sha512-Hz/mrNwitNRh/HUAtM/VT/5VH+ygD6DV7mYKZAtHOrbs8U7lvPS6xf7EJKMF0uW1KJCl0H701g3ZGus+muE5vQ==
